<?xml version="1.0" encoding="UTF-8"?>
<robot generator="Robot 4.1.1 (Python 3.9.7 on win32)" generated="20220402 00:14:09.933" rpa="false" schemaversion="2">
<suite id="s1" name="Example-Settings.Answer" source="D:\TAU\Robot_Framework\RobotFramework_TAU\exercise-04\example-settings.answer.robot">
<test id="s1-t1" name="Create an Invoice">
<kw name="Comment" library="BuiltIn">
<arg>This is my first RobotFramework test case!</arg>
<doc>Displays the given messages in the log file as keyword arguments.</doc>
<status status="PASS" starttime="20220402 00:14:10.154" endtime="20220402 00:14:10.154"/>
</kw>
<kw name="Open Browser" library="SeleniumLibrary">
<arg>http://34.225.240.91/</arg>
<arg>chrome</arg>
<doc>Opens a new browser instance to the optional ``url``.</doc>
<msg timestamp="20220402 00:14:10.154" level="INFO">Opening browser 'chrome' to base url 'http://34.225.240.91/'.</msg>
<status status="PASS" starttime="20220402 00:14:10.154" endtime="20220402 00:14:13.434"/>
</kw>
<status status="PASS" starttime="20220402 00:14:10.154" endtime="20220402 00:14:13.435"/>
</test>
<status status="PASS" starttime="20220402 00:14:09.933" endtime="20220402 00:14:13.438"/>
</suite>
<statistics>
<total>
<stat pass="1" fail="0" skip="0">All Tests</stat>
</total>
<tag>
</tag>
<suite>
<stat pass="1" fail="0" skip="0" id="s1" name="Example-Settings.Answer">Example-Settings.Answer</stat>
</suite>
</statistics>
<errors>
</errors>
</robot>
